0 info it worked if it ends with ok
1 verbose cli [ '/usr/local/bin/node',
1 verbose cli   '/usr/local/bin/npm',
1 verbose cli   'install',
1 verbose cli   'cookieParser' ]
2 info using npm@1.4.28
3 info using node@v0.10.32
4 verbose config Skipping project config: /home/devine/.npmrc. (matches userconfig)
5 verbose cache add [ 'cookieParser', null ]
6 verbose cache add name=undefined spec="cookieParser" args=["cookieParser",null]
7 verbose parsed url { protocol: null,
7 verbose parsed url   slashes: null,
7 verbose parsed url   auth: null,
7 verbose parsed url   host: null,
7 verbose parsed url   port: null,
7 verbose parsed url   hostname: null,
7 verbose parsed url   hash: null,
7 verbose parsed url   search: null,
7 verbose parsed url   query: null,
7 verbose parsed url   pathname: 'cookieParser',
7 verbose parsed url   path: 'cookieParser',
7 verbose parsed url   href: 'cookieParser' }
8 silly lockFile 0e37acdf-cookieParser cookieParser
9 verbose lock cookieParser /home/devine/.npm/0e37acdf-cookieParser.lock
10 silly lockFile 0e37acdf-cookieParser cookieParser
11 silly lockFile 0e37acdf-cookieParser cookieParser
12 verbose addNamed [ 'cookieParser', '' ]
13 verbose addNamed [ null, '*' ]
14 silly lockFile 74f56a99-cookieParser cookieParser@
15 verbose lock cookieParser@ /home/devine/.npm/74f56a99-cookieParser.lock
16 silly addNameRange { name: 'cookieParser', range: '*', hasData: false }
17 verbose request where is /cookieParser
18 verbose request registry https://registry.npmjs.org/
19 verbose request id 24823a697c93deda
20 verbose url raw /cookieParser
21 verbose url resolving [ 'https://registry.npmjs.org/', './cookieParser' ]
22 verbose url resolved https://registry.npmjs.org/cookieParser
23 verbose request where is https://registry.npmjs.org/cookieParser
24 info trying registry request attempt 1 at 20:23:29
25 http GET https://registry.npmjs.org/cookieParser
26 http 404 https://registry.npmjs.org/cookieParser
27 verbose headers { date: 'Sun, 21 Dec 2014 20:23:29 GMT',
27 verbose headers   server: 'CouchDB/1.5.0 (Erlang OTP/R16B03)',
27 verbose headers   'content-type': 'application/json',
27 verbose headers   'cache-control': 'max-age=0',
27 verbose headers   'content-length': '52',
27 verbose headers   'accept-ranges': 'bytes',
27 verbose headers   via: '1.1 varnish',
27 verbose headers   age: '0',
27 verbose headers   'x-served-by': 'cache-ams4147-AMS',
27 verbose headers   'x-cache': 'MISS',
27 verbose headers   'x-cache-hits': '0',
27 verbose headers   'x-timer': 'S1419193409.166233,VS0,VE92',
27 verbose headers   'keep-alive': 'timeout=10, max=50',
27 verbose headers   connection: 'Keep-Alive' }
28 silly registry.get cb [ 404,
28 silly registry.get   { date: 'Sun, 21 Dec 2014 20:23:29 GMT',
28 silly registry.get     server: 'CouchDB/1.5.0 (Erlang OTP/R16B03)',
28 silly registry.get     'content-type': 'application/json',
28 silly registry.get     'cache-control': 'max-age=0',
28 silly registry.get     'content-length': '52',
28 silly registry.get     'accept-ranges': 'bytes',
28 silly registry.get     via: '1.1 varnish',
28 silly registry.get     age: '0',
28 silly registry.get     'x-served-by': 'cache-ams4147-AMS',
28 silly registry.get     'x-cache': 'MISS',
28 silly registry.get     'x-cache-hits': '0',
28 silly registry.get     'x-timer': 'S1419193409.166233,VS0,VE92',
28 silly registry.get     'keep-alive': 'timeout=10, max=50',
28 silly registry.get     connection: 'Keep-Alive' } ]
29 silly lockFile 74f56a99-cookieParser cookieParser@
30 silly lockFile 74f56a99-cookieParser cookieParser@
31 error 404 404 Not Found: cookieParser
31 error 404
31 error 404 'cookieParser' is not in the npm registry.
31 error 404 You should bug the author to publish it
31 error 404
31 error 404 Note that you can also install from a
31 error 404 tarball, folder, or http url, or git url.
32 error System Linux 3.2.0-4-amd64
33 error command "/usr/local/bin/node" "/usr/local/bin/npm" "install" "cookieParser"
34 error cwd /home/devine/FYP
35 error node -v v0.10.32
36 error npm -v 1.4.28
37 error code E404
38 verbose exit [ 1, true ]
